#
# A fatal error has been detected by the Java Runtime Environment:
#
#  EXCEPTION_ACCESS_VIOLATION (0xc0000005) at pc=0x00007ffb9065c213, pid=7384, tid=11740
#
# JRE version: Java(TM) SE Runtime Environment (16.0.1+9) (build 16.0.1+9-24)
# Java VM: Java HotSpot(TM) 64-Bit Server VM (16.0.1+9-24, mixed mode, sharing, tiered, compressed oops, compressed class ptrs, g1 gc, windows-amd64)
# Problematic frame:
# V  [jvm.dll+0x32c213]
#
# No core dump will be written. Minidumps are not enabled by default on client versions of Windows
#
# If you would like to submit a bug report, please visit:
#   https://bugreport.java.com/bugreport/crash.jsp
#

---------------  S U M M A R Y ------------

Command Line: -XX:+ShowCodeDetailsInExceptionMessages -agentlib:jdwp=transport=dt_socket,suspend=y,address=localhost:50751 -javaagent:C:\2021-05-JAVA-DEVELOPER\program\eclipseSE\configuration\org.eclipse.osgi\220\0\.cp\lib\javaagent-shaded.jar -Dfile.encoding=UTF-8 com.itwill04.array.StudentArrayMain

Host: 11th Gen Intel(R) Core(TM) i5-1135G7 @ 2.40GHz, 8 cores, 15G,  Windows 10 , 64 bit Build 19041 (10.0.19041.1023)
Time: Thu Jun 24 19:50:47 2021  Windows 10 , 64 bit Build 19041 (10.0.19041.1023) elapsed time: 2202.646944 seconds (0d 0h 36m 42s)

---------------  T H R E A D  ---------------

Current thread (0x000002cfde3e62d0):  VMThread "VM Thread" [stack: 0x000000d1e7100000,0x000000d1e7200000] [id=11740]

Stack: [0x000000d1e7100000,0x000000d1e7200000],  sp=0x000000d1e71feb50,  free space=1018k
Native frames: (J=compiled Java code, j=interpreted, Vv=VM code, C=native code)
V  [jvm.dll+0x32c213]
V  [jvm.dll+0x330097]
V  [jvm.dll+0x33048f]
V  [jvm.dll+0x32c613]
V  [jvm.dll+0x6572ce]
V  [jvm.dll+0x656fd3]
V  [jvm.dll+0x61c848]
V  [jvm.dll+0x7c1e55]
V  [jvm.dll+0x520b76]
V  [jvm.dll+0x7d05eb]
V  [jvm.dll+0x7d12e4]
V  [jvm.dll+0x7d17e9]
V  [jvm.dll+0x7d1aa4]
V  [jvm.dll+0x7d1b70]
V  [jvm.dll+0x779b4a]
V  [jvm.dll+0x667666]
C  [ucrtbase.dll+0x21bb2]
C  [KERNEL32.DLL+0x17034]
C  [ntdll.dll+0x52651]


siginfo: EXCEPTION_ACCESS_VIOLATION (0xc0000005), reading address 0xffffffffffffffff


Register to memory mapping:

RIP=0x00007ffb9065c213 jvm.dll
RAX=0x000002cfdf465a20 points into unknown readable memory: 0x0000000000000001 | 01 00 00 00 00 00 00 00
RBX=0x000000d1e71fed20 points into unknown readable memory: 0x00007ffb90c621e8 | e8 21 c6 90 fb 7f 00 00
RCX=0x000000d1e71fed90 points into unknown readable memory: 0x000002cfdf465a20 | 20 5a 46 df cf 02 00 00
RDX=0xffffffffffffcbdc is an unknown value
RSP=0x000000d1e71feb50 points into unknown readable memory: 0x000002cfdeee4b40 | 40 4b ee de cf 02 00 00
RBP=0x00007ffb9065c1f0 jvm.dll
RSI=0x0 is NULL
RDI=0x000000d1e71fed20 points into unknown readable memory: 0x00007ffb90c621e8 | e8 21 c6 90 fb 7f 00 00
R8 =0x03ffffffffffff2f is an unknown value
R9 =0x000000000000001c is an unknown value
R10=0x00007ffb90330000 jvm.dll
R11=0x000002cfdf465a20 points into unknown readable memory: 0x0000000000000001 | 01 00 00 00 00 00 00 00
R12=0x00000000000083b0 is an unknown value
R13=0x0000000000000001 is an unknown value
R14=0x00000000000001a1 is an unknown value
R15=0x000002cfde83b601 is pointing into metadata


Registers:
RAX=0x000002cfdf465a20, RBX=0x000000d1e71fed20, RCX=0x000000d1e71fed90, RDX=0xffffffffffffcbdc
RSP=0x000000d1e71feb50, RBP=0x00007ffb9065c1f0, RSI=0x0000000000000000, RDI=0x000000d1e71fed20
R8 =0x03ffffffffffff2f, R9 =0x000000000000001c, R10=0x00007ffb90330000, R11=0x000002cfdf465a20
R12=0x00000000000083b0, R13=0x0000000000000001, R14=0x00000000000001a1, R15=0x000002cfde83b601
RIP=0x00007ffb9065c213, EFLAGS=0x0000000000010a02

Top of Stack: (sp=0x000000d1e71feb50)
0x000000d1e71feb50:   000002cfdeee4b40 0000000000000100
0x000000d1e71feb60:   0000000000000000 00007ffb90672284
0x000000d1e71feb70:   000000d1e71febf0 00007ffb90660097
0x000000d1e71feb80:   000000d1e71febf0 000002cfde3e62d0
0x000000d1e71feb90:   000000d1e71febf0 00007ffb904552ae
0x000000d1e71feba0:   000002cfde83b740 0000000000000040
0x000000d1e71febb0:   000002cfde83b601 00000000000000a7
0x000000d1e71febc0:   00000000000000a7 00007ffb9066048f
0x000000d1e71febd0:   000000d1e71fed20 000000d1e71fec20
0x000000d1e71febe0:   00000000000001a1 000000d1e71fec20
0x000000d1e71febf0:   000002cfde83b740 000002cfde3e62d0
0x000000d1e71fec00:   000001a4000001a1 000000a7000001fd
0x000000d1e71fec10:   000001fd00000000 ffffffff000000a7
0x000000d1e71fec20:   0000000000000000 00007ffb90e40980
0x000000d1e71fec30:   00000000000083b0 000002cfdf4659d0
0x000000d1e71fec40:   000002cfde3e62d0 00007ffb9065c613 

Instructions: (pc=0x00007ffb9065c213)
0x00007ffb9065c113:   4c 63 fa 48 8b f1 48 85 db 74 13 66 90 39 3b 0f
0x00007ffb9065c123:   84 a6 00 00 00 48 8b 5b 10 48 85 db 75 ef 33 d2
0x00007ffb9065c133:   8d 4a 18 e8 35 31 39 00 48 8b d8 48 85 c0 0f 84
0x00007ffb9065c143:   82 00 00 00 33 d2 4c 89 74 24 50 4c 8b 36 89 38
0x00007ffb9065c153:   8d 4a 18 e8 15 31 39 00 48 8b f8 48 85 c0 74 55
0x00007ffb9065c163:   48 89 6c 24 48 ba 08 00 00 00 8b 2d d5 5d 74 00
0x00007ffb9065c173:   8b cd e8 b6 5a 01 00 c7 07 00 00 00 00 89 6f 04
0x00007ffb9065c183:   48 89 47 08 85 ed 7e 11 44 8b c5 33 d2 49 c1 e0
0x00007ffb9065c193:   03 48 8b c8 e8 56 96 4f 00 48 8b 6c 24 48 48 c7
0x00007ffb9065c1a3:   47 10 00 00 00 00 4c 89 73 10 4c 8b 74 24 50 48
0x00007ffb9065c1b3:   89 7b 08 eb 13 33 ff 4c 89 73 10 4c 8b 74 24 50
0x00007ffb9065c1c3:   48 89 7b 08 eb 02 33 db 48 89 1e 48 8b 4b 08 48
0x00007ffb9065c1d3:   8d 54 24 40 4c 89 7c 24 40 e8 1f e5 cd ff 48 8b
0x00007ffb9065c1e3:   5c 24 58 48 83 c4 20 41 5f 5f 5e c3 cc 40 53 48
0x00007ffb9065c1f3:   83 ec 20 48 63 d2 48 8b d9 0f b6 c2 48 83 c1 70
0x00007ffb9065c203:   24 3f 4c 8b c2 44 0f b6 c8 49 c1 e8 06 48 8b 01
0x00007ffb9065c213:   4e 8b 04 c0 4d 0f a3 c8 72 0b 41 b0 01 e8 bb e3
0x00007ffb9065c223:   de ff ff 43 6c 48 83 c4 20 5b c3 cc cc 8b c2 4c
0x00007ffb9065c233:   8b d1 41 33 c0 a9 00 00 00 f0 0f 84 ca 00 00 00
0x00007ffb9065c243:   44 8b ca 8b c2 41 c1 e9 1d b9 72 00 00 00 41 80
0x00007ffb9065c253:   e1 01 c1 e8 1e 44 8d 59 ae a8 01 74 1a 45 84 c9
0x00007ffb9065c263:   75 0d c1 ea 1c f6 c2 01 75 05 44 8b c9 eb 35 41
0x00007ffb9065c273:   b9 23 00 00 00 eb 2d 45 84 c9 74 08 41 b9 76 00
0x00007ffb9065c283:   00 00 eb 20 8b c2 c1 e8 1c a8 01 74 08 41 b9 70
0x00007ffb9065c293:   00 00 00 eb 0f c1 ea 1f 41 b9 40 00 00 00 84 d2
0x00007ffb9065c2a3:   45 0f 45 cb 41 8b d0 41 8b c0 c1 ea 1d 80 e2 01
0x00007ffb9065c2b3:   c1 e8 1e a8 01 74 15 84 d2 75 0a 41 c1 e8 1c 41
0x00007ffb9065c2c3:   f6 c0 01 74 33 b9 23 00 00 00 eb 2c 84 d2 74 07
0x00007ffb9065c2d3:   b9 76 00 00 00 eb 21 41 8b c0 c1 e8 1c a8 01 74
0x00007ffb9065c2e3:   07 b9 70 00 00 00 eb 10 41 c1 e8 1f b9 40 00 00
0x00007ffb9065c2f3:   00 45 84 c0 41 0f 45 cb 44 8b c1 48 8d 15 93 12
0x00007ffb9065c303:   5c 00 49 8b ca e9 d3 56 00 00 c3 cc cc 40 53 48 


Stack slot to memory mapping:
stack at sp + 0 slots: 0x000002cfdeee4b40 points into unknown readable memory: 0x000002cfb9700fc0 | c0 0f 70 b9 cf 02 00 00
stack at sp + 1 slots: 0x0000000000000100 is an unknown value
stack at sp + 2 slots: 0x0 is NULL
stack at sp + 3 slots: 0x00007ffb90672284 jvm.dll
stack at sp + 4 slots: 0x000000d1e71febf0 points into unknown readable memory: 0x000002cfde83b740 | 40 b7 83 de cf 02 00 00
stack at sp + 5 slots: 0x00007ffb90660097 jvm.dll
stack at sp + 6 slots: 0x000000d1e71febf0 points into unknown readable memory: 0x000002cfde83b740 | 40 b7 83 de cf 02 00 00
stack at sp + 7 slots: 0x000002cfde3e62d0 points into unknown readable memory: 0x00007ffb90c9f628 | 28 f6 c9 90 fb 7f 00 00

VM_Operation (0x000000d1e7cff100): get/set locals, mode: safepoint, requested by thread 0x000002cfdef1dc70


---------------  P R O C E S S  ---------------

Threads class SMR info:
_java_thread_list=0x000002cfdf0790e0, length=15, elements={
0x000002cfbb96b960, 0x000002cfde3e8bc0, 0x000002cfde3e94d0, 0x000002cfde3f92e0,
0x000002cfdec940a0, 0x000002cfdec949b0, 0x000002cfdec972d0, 0x000002cfdeca0c00,
0x000002cfde3fad10, 0x000002cfde3fb660, 0x000002cfde3cac40, 0x000002cfdef1dc70,
0x000002cfdeeb5c80, 0x000002cfdeeb6b60, 0x000002cfdef790b0
}

Java Threads: ( => current thread )
  0x000002cfbb96b960 JavaThread "main" [_thread_blocked, id=13728, stack(0x000000d1e6b00000,0x000000d1e6c00000)]
  0x000002cfde3e8bc0 JavaThread "Reference Handler" daemon [_thread_blocked, id=8648, stack(0x000000d1e7200000,0x000000d1e7300000)]
  0x000002cfde3e94d0 JavaThread "Finalizer" daemon [_thread_blocked, id=6468, stack(0x000000d1e7300000,0x000000d1e7400000)]
  0x000002cfde3f92e0 JavaThread "Signal Dispatcher" daemon [_thread_blocked, id=9916, stack(0x000000d1e7400000,0x000000d1e7500000)]
  0x000002cfdec940a0 JavaThread "Attach Listener" daemon [_thread_blocked, id=16400, stack(0x000000d1e7500000,0x000000d1e7600000)]
  0x000002cfdec949b0 JavaThread "Service Thread" daemon [_thread_blocked, id=16412, stack(0x000000d1e7600000,0x000000d1e7700000)]
  0x000002cfdec972d0 JavaThread "Monitor Deflation Thread" daemon [_thread_blocked, id=16668, stack(0x000000d1e7700000,0x000000d1e7800000)]
  0x000002cfdeca0c00 JavaThread "C2 CompilerThread0" daemon [_thread_blocked, id=5740, stack(0x000000d1e7800000,0x000000d1e7900000)]
  0x000002cfde3fad10 JavaThread "C1 CompilerThread0" daemon [_thread_blocked, id=14900, stack(0x000000d1e7900000,0x000000d1e7a00000)]
  0x000002cfde3fb660 JavaThread "Sweeper thread" daemon [_thread_blocked, id=14932, stack(0x000000d1e7a00000,0x000000d1e7b00000)]
  0x000002cfde3cac40 JavaThread "Common-Cleaner" daemon [_thread_blocked, id=12108, stack(0x000000d1e7b00000,0x000000d1e7c00000)]
  0x000002cfdef1dc70 JavaThread "JDWP Transport Listener: dt_socket" daemon [_thread_blocked, id=14696, stack(0x000000d1e7c00000,0x000000d1e7d00000)]
  0x000002cfdeeb5c80 JavaThread "Unknown thread" [_thread_blocked, id=8480, stack(0x000000d1e7d00000,0x000000d1e7e00000)]
  0x000002cfdeeb6b60 JavaThread "JDWP Command Reader" daemon [_thread_in_native, id=6304, stack(0x000000d1e7e00000,0x000000d1e7f00000)]
  0x000002cfdef790b0 JavaThread "Notification Thread" daemon [_thread_blocked, id=392, stack(0x000000d1e8000000,0x000000d1e8100000)]

Other Threads:
=>0x000002cfde3e62d0 VMThread "VM Thread" [stack: 0x000000d1e7100000,0x000000d1e7200000] [id=11740]
  0x000002cfbb96ca20 WatcherThread [stack: 0x000000d1e8100000,0x000000d1e8200000] [id=16960]
  0x000002cfbb9b91a0 GCTaskThread "GC Thread#0" [stack: 0x000000d1e6c00000,0x000000d1e6d00000] [id=148]
  0x000002cfbba0b010 ConcurrentGCThread "G1 Main Marker" [stack: 0x000000d1e6d00000,0x000000d1e6e00000] [id=4912]
  0x000002cfbba0ba10 ConcurrentGCThread "G1 Conc#0" [stack: 0x000000d1e6e00000,0x000000d1e6f00000] [id=13452]
  0x000002cfbba4e990 ConcurrentGCThread "G1 Refine#0" [stack: 0x000000d1e6f00000,0x000000d1e7000000] [id=7436]
  0x000002cfde297900 ConcurrentGCThread "G1 Service" [stack: 0x000000d1e7000000,0x000000d1e7100000] [id=5532]

Threads with active compile tasks:

VM state: at safepoint (normal execution)

VM Mutex/Monitor currently owned by a thread:  ([mutex/lock_event])
[0x000002cfbb968190] Threads_lock - owner thread: 0x000002cfde3e62d0

Heap address: 0x0000000704a00000, size: 4022 MB, Compressed Oops mode: Zero based, Oop shift amount: 3

CDS archive(s) mapped at: [0x0000000800000000-0x0000000800bb0000-0x0000000800bb0000), size 12255232, SharedBaseAddress: 0x0000000800000000, ArchiveRelocationMode: 0.
Compressed class space mapped at: 0x0000000800c00000-0x0000000840c00000, reserved size: 1073741824
Narrow klass base: 0x0000000800000000, Narrow klass shift: 3, Narrow klass range: 0x100000000

GC Precious Log:
 CPUs: 8 total, 8 available
 Memory: 16080M
 Large Page Support: Disabled
 NUMA Support: Disabled
 Compressed Oops: Enabled (Zero based)
 Heap Region Size: 2M
 Heap Min Capacity: 8M
 Heap Initial Capacity: 252M
 Heap Max Capacity: 4022M
 Pre-touch: Disabled
 Parallel Workers: 8
 Concurrent Workers: 2
 Concurrent Refinement Workers: 8
 Periodic GC: Disabled

Heap:
 garbage-first heap   total 258048K, used 6144K [0x0000000704a00000, 0x0000000800000000)
  region size 2048K, 4 young (8192K), 0 survivors (0K)
 Metaspace       used 2835K, committed 2944K, reserved 1056768K
  class space    used 245K, committed 320K, reserved 1048576K

Heap Regions: E=young(eden), S=young(survivor), O=old, HS=humongous(starts), HC=humongous(continues), CS=collection set, F=free, OA=open archive, CA=closed archive, TAMS=top-at-mark-start (previous, next)
|   0|0x0000000704a00000, 0x0000000704a00000, 0x0000000704c00000|  0%| F|  |TAMS 0x0000000704a00000, 0x0000000704a00000| Untracked 
|   1|0x0000000704c00000, 0x0000000704c00000, 0x0000000704e00000|  0%| F|  |TAMS 0x0000000704c00000, 0x0000000704c00000| Untracked 
|   2|0x0000000704e00000, 0x0000000704e00000, 0x0000000705000000|  0%| F|  |TAMS 0x0000000704e00000, 0x0000000704e00000| Untracked 
|   3|0x0000000705000000, 0x0000000705000000, 0x0000000705200000|  0%| F|  |TAMS 0x0000000705000000, 0x0000000705000000| Untracked 
|   4|0x0000000705200000, 0x0000000705200000, 0x0000000705400000|  0%| F|  |TAMS 0x0000000705200000, 0x0000000705200000| Untracked 
|   5|0x0000000705400000, 0x0000000705400000, 0x0000000705600000|  0%| F|  |TAMS 0x0000000705400000, 0x0000000705400000| Untracked 
|   6|0x0000000705600000, 0x0000000705600000, 0x0000000705800000|  0%| F|  |TAMS 0x0000000705600000, 0x0000000705600000| Untracked 
|   7|0x0000000705800000, 0x0000000705800000, 0x0000000705a00000|  0%| F|  |TAMS 0x0000000705800000, 0x0000000705800000| Untracked 
|   8|0x0000000705a00000, 0x0000000705a00000, 0x0000000705c00000|  0%| F|  |TAMS 0x0000000705a00000, 0x0000000705a00000| Untracked 
|   9|0x0000000705c00000, 0x0000000705c00000, 0x0000000705e00000|  0%| F|  |TAMS 0x0000000705c00000, 0x0000000705c00000| Untracked 
|  10|0x0000000705e00000, 0x0000000705e00000, 0x0000000706000000|  0%| F|  |TAMS 0x0000000705e00000, 0x0000000705e00000| Untracked 
|  11|0x0000000706000000, 0x0000000706000000, 0x0000000706200000|  0%| F|  |TAMS 0x0000000706000000, 0x0000000706000000| Untracked 
|  12|0x0000000706200000, 0x0000000706200000, 0x0000000706400000|  0%| F|  |TAMS 0x0000000706200000, 0x0000000706200000| Untracked 
|  13|0x0000000706400000, 0x0000000706400000, 0x0000000706600000|  0%| F|  |TAMS 0x0000000706400000, 0x0000000706400000| Untracked 
|  14|0x0000000706600000, 0x0000000706600000, 0x0000000706800000|  0%| F|  |TAMS 0x0000000706600000, 0x0000000706600000| Untracked 
|  15|0x0000000706800000, 0x0000000706800000, 0x0000000706a00000|  0%| F|  |TAMS 0x0000000706800000, 0x0000000706800000| Untracked 
|  16|0x0000000706a00000, 0x0000000706a00000, 0x0000000706c00000|  0%| F|  |TAMS 0x0000000706a00000, 0x0000000706a00000| Untracked 
|  17|0x0000000706c00000, 0x0000000706c00000, 0x0000000706e00000|  0%| F|  |TAMS 0x0000000706c00000, 0x0000000706c00000| Untracked 
|  18|0x0000000706e00000, 0x0000000706e00000, 0x0000000707000000|  0%| F|  |TAMS 0x0000000706e00000, 0x0000000706e00000| Untracked 
|  19|0x0000000707000000, 0x0000000707000000, 0x0000000707200000|  0%| F|  |TAMS 0x0000000707000000, 0x0000000707000000| Untracked 
|  20|0x0000000707200000, 0x0000000707200000, 0x0000000707400000|  0%| F|  |TAMS 0x0000000707200000, 0x0000000707200000| Untracked 
|  21|0x0000000707400000, 0x0000000707400000, 0x0000000707600000|  0%| F|  |TAMS 0x0000000707400000, 0x0000000707400000| Untracked 
|  22|0x0000000707600000, 0x0000000707600000, 0x0000000707800000|  0%| F|  |TAMS 0x0000000707600000, 0x0000000707600000| Untracked 
|  23|0x0000000707800000, 0x0000000707800000, 0x0000000707a00000|  0%| F|  |TAMS 0x0000000707800000, 0x0000000707800000| Untracked 
|  24|0x0000000707a00000, 0x0000000707a00000, 0x0000000707c00000|  0%| F|  |TAMS 0x0000000707a00000, 0x0000000707a00000| Untracked 
|  25|0x0000000707c00000, 0x0000000707c00000, 0x0000000707e00000|  0%| F|  |TAMS 0x0000000707c00000, 0x0000000707c00000| Untracked 
|  26|0x0000000707e00000, 0x0000000707e00000, 0x0000000708000000|  0%| F|  |TAMS 0x0000000707e00000, 0x0000000707e00000| Untracked 
|  27|0x0000000708000000, 0x0000000708000000, 0x0000000708200000|  0%| F|  |TAMS 0x0000000708000000, 0x0000000708000000| Untracked 
|  28|0x0000000708200000, 0x0000000708200000, 0x0000000708400000|  0%| F|  |TAMS 0x0000000708200000, 0x0000000708200000| Untracked 
|  29|0x0000000708400000, 0x0000000708400000, 0x0000000708600000|  0%| F|  |TAMS 0x0000000708400000, 0x0000000708400000| Untracked 
|  30|0x0000000708600000, 0x0000000708600000, 0x0000000708800000|  0%| F|  |TAMS 0x0000000708600000, 0x0000000708600000| Untracked 
|  31|0x0000000708800000, 0x0000000708800000, 0x0000000708a00000|  0%| F|  |TAMS 0x0000000708800000, 0x0000000708800000| Untracked 
|  32|0x0000000708a00000, 0x0000000708a00000, 0x0000000708c00000|  0%| F|  |TAMS 0x0000000708a00000, 0x0000000708a00000| Untracked 
|  33|0x0000000708c00000, 0x0000000708c00000, 0x0000000708e00000|  0%| F|  |TAMS 0x0000000708c00000, 0x0000000708c00000| Untracked 
|  34|0x0000000708e00000, 0x0000000708e00000, 0x0000000709000000|  0%| F|  |TAMS 0x0000000708e00000, 0x0000000708e00000| Untracked 
|  35|0x0000000709000000, 0x0000000709000000, 0x0000000709200000|  0%| F|  |TAMS 0x0000000709000000, 0x0000000709000000| Untracked 
|  36|0x0000000709200000, 0x0000000709200000, 0x0000000709400000|  0%| F|  |TAMS 0x0000000709200000, 0x0000000709200000| Untracked 
|  37|0x0000000709400000, 0x0000000709400000, 0x0000000709600000|  0%| F|  |TAMS 0x0000000709400000, 0x0000000709400000| Untracked 
|  38|0x0000000709600000, 0x0000000709600000, 0x0000000709800000|  0%| F|  |TAMS 0x0000000709600000, 0x0000000709600000| Untracked 
|  39|0x0000000709800000, 0x0000000709800000, 0x0000000709a00000|  0%| F|  |TAMS 0x0000000709800000, 0x0000000709800000| Untracked 
|  40|0x0000000709a00000, 0x0000000709a00000, 0x0000000709c00000|  0%| F|  |TAMS 0x0000000709a00000, 0x0000000709a00000| Untracked 
|  41|0x0000000709c00000, 0x0000000709c00000, 0x0000000709e00000|  0%| F|  |TAMS 0x0000000709c00000, 0x0000000709c00000| Untracked 
|  42|0x0000000709e00000, 0x0000000709e00000, 0x000000070a000000|  0%| F|  |TAMS 0x0000000709e00000, 0x0000000709e00000| Untracked 
|  43|0x000000070a000000, 0x000000070a000000, 0x000000070a200000|  0%| F|  |TAMS 0x000000070a000000, 0x000000070a000000| Untracked 
|  44|0x000000070a200000, 0x000000070a200000, 0x000000070a400000|  0%| F|  |TAMS 0x000000070a200000, 0x000000070a200000| Untracked 
|  45|0x000000070a400000, 0x000000070a400000, 0x000000070a600000|  0%| F|  |TAMS 0x000000070a400000, 0x000000070a400000| Untracked 
|  46|0x000000070a600000, 0x000000070a600000, 0x000000070a800000|  0%| F|  |TAMS 0x000000070a600000, 0x000000070a600000| Untracked 
|  47|0x000000070a800000, 0x000000070a800000, 0x000000070aa00000|  0%| F|  |TAMS 0x000000070a800000, 0x000000070a800000| Untracked 
|  48|0x000000070aa00000, 0x000000070aa00000, 0x000000070ac00000|  0%| F|  |TAMS 0x000000070aa00000, 0x000000070aa00000| Untracked 
|  49|0x000000070ac00000, 0x000000070ac00000, 0x000000070ae00000|  0%| F|  |TAMS 0x000000070ac00000, 0x000000070ac00000| Untracked 
|  50|0x000000070ae00000, 0x000000070ae00000, 0x000000070b000000|  0%| F|  |TAMS 0x000000070ae00000, 0x000000070ae00000| Untracked 
|  51|0x000000070b000000, 0x000000070b000000, 0x000000070b200000|  0%| F|  |TAMS 0x000000070b000000, 0x000000070b000000| Untracked 
|  52|0x000000070b200000, 0x000000070b200000, 0x000000070b400000|  0%| F|  |TAMS 0x000000070b200000, 0x000000070b200000| Untracked 
|  53|0x000000070b400000, 0x000000070b400000, 0x000000070b600000|  0%| F|  |TAMS 0x000000070b400000, 0x000000070b400000| Untracked 
|  54|0x000000070b600000, 0x000000070b600000, 0x000000070b800000|  0%| F|  |TAMS 0x000000070b600000, 0x000000070b600000| Untracked 
|  55|0x000000070b800000, 0x000000070b800000, 0x000000070ba00000|  0%| F|  |TAMS 0x000000070b800000, 0x000000070b800000| Untracked 
|  56|0x000000070ba00000, 0x000000070ba00000, 0x000000070bc00000|  0%| F|  |TAMS 0x000000070ba00000, 0x000000070ba00000| Untracked 
|  57|0x000000070bc00000, 0x000000070bc00000, 0x000000070be00000|  0%| F|  |TAMS 0x000000070bc00000, 0x000000070bc00000| Untracked 
|  58|0x000000070be00000, 0x000000070be00000, 0x000000070c000000|  0%| F|  |TAMS 0x000000070be00000, 0x000000070be00000| Untracked 
|  59|0x000000070c000000, 0x000000070c000000, 0x000000070c200000|  0%| F|  |TAMS 0x000000070c000000, 0x000000070c000000| Untracked 
|  60|0x000000070c200000, 0x000000070c200000, 0x000000070c400000|  0%| F|  |TAMS 0x000000070c200000, 0x000000070c200000| Untracked 
|  61|0x000000070c400000, 0x000000070c400000, 0x000000070c600000|  0%| F|  |TAMS 0x000000070c400000, 0x000000070c400000| Untracked 
|  62|0x000000070c600000, 0x000000070c600000, 0x000000070c800000|  0%| F|  |TAMS 0x000000070c600000, 0x000000070c600000| Untracked 
|  63|0x000000070c800000, 0x000000070c800000, 0x000000070ca00000|  0%| F|  |TAMS 0x000000070c800000, 0x000000070c800000| Untracked 
|  64|0x000000070ca00000, 0x000000070ca00000, 0x000000070cc00000|  0%| F|  |TAMS 0x000000070ca00000, 0x000000070ca00000| Untracked 
|  65|0x000000070cc00000, 0x000000070cc00000, 0x000000070ce00000|  0%| F|  |TAMS 0x000000070cc00000, 0x000000070cc00000| Untracked 
|  66|0x000000070ce00000, 0x000000070ce00000, 0x000000070d000000|  0%| F|  |TAMS 0x000000070ce00000, 0x000000070ce00000| Untracked 
|  67|0x000000070d000000, 0x000000070d000000, 0x000000070d200000|  0%| F|  |TAMS 0x000000070d000000, 0x000000070d000000| Untracked 
|  68|0x000000070d200000, 0x000000070d200000, 0x000000070d400000|  0%| F|  |TAMS 0x000000070d200000, 0x000000070d200000| Untracked 
|  69|0x000000070d400000, 0x000000070d400000, 0x000000070d600000|  0%| F|  |TAMS 0x000000070d400000, 0x000000070d400000| Untracked 
|  70|0x000000070d600000, 0x000000070d600000, 0x000000070d800000|  0%| F|  |TAMS 0x000000070d600000, 0x000000070d600000| Untracked 
|  71|0x000000070d800000, 0x000000070d800000, 0x000000070da00000|  0%| F|  |TAMS 0x000000070d800000, 0x000000070d800000| Untracked 
|  72|0x000000070da00000, 0x000000070da00000, 0x000000070dc00000|  0%| F|  |TAMS 0x000000070da00000, 0x000000070da00000| Untracked 
|  73|0x000000070dc00000, 0x000000070dc00000, 0x000000070de00000|  0%| F|  |TAMS 0x000000070dc00000, 0x000000070dc00000| Untracked 
|  74|0x000000070de00000, 0x000000070de00000, 0x000000070e000000|  0%| F|  |TAMS 0x000000070de00000, 0x000000070de00000| Untracked 
|  75|0x000000070e000000, 0x000000070e000000, 0x000000070e200000|  0%| F|  |TAMS 0x000000070e000000, 0x000000070e000000| Untracked 
|  76|0x000000070e200000, 0x000000070e200000, 0x000000070e400000|  0%| F|  |TAMS 0x000000070e200000, 0x000000070e200000| Untracked 
|  77|0x000000070e400000, 0x000000070e400000, 0x000000070e600000|  0%| F|  |TAMS 0x000000070e400000, 0x000000070e400000| Untracked 
|  78|0x000000070e600000, 0x000000070e600000, 0x000000070e800000|  0%| F|  |TAMS 0x000000070e600000, 0x000000070e600000| Untracked 
|  79|0x000000070e800000, 0x000000070e800000, 0x000000070ea00000|  0%| F|  |TAMS 0x000000070e800000, 0x000000070e800000| Untracked 
|  80|0x000000070ea00000, 0x000000070ea00000, 0x000000070ec00000|  0%| F|  |TAMS 0x000000070ea00000, 0x000000070ea00000| Untracked 
|  81|0x000000070ec00000, 0x000000070ec00000, 0x000000070ee00000|  0%| F|  |TAMS 0x000000070ec00000, 0x000000070ec00000| Untracked 
|  82|0x000000070ee00000, 0x000000070ee00000, 0x000000070f000000|  0%| F|  |TAMS 0x000000070ee00000, 0x000000070ee00000| Untracked 
|  83|0x000000070f000000, 0x000000070f000000, 0x000000070f200000|  0%| F|  |TAMS 0x000000070f000000, 0x000000070f000000| Untracked 
|  84|0x000000070f200000, 0x000000070f200000, 0x000000070f400000|  0%| F|  |TAMS 0x000000070f200000, 0x000000070f200000| Untracked 
|  85|0x000000070f400000, 0x000000070f400000, 0x000000070f600000|  0%| F|  |TAMS 0x000000070f400000, 0x000000070f400000| Untracked 
|  86|0x000000070f600000, 0x000000070f600000, 0x000000070f800000|  0%| F|  |TAMS 0x000000070f600000, 0x000000070f600000| Untracked 
|  87|0x000000070f800000, 0x000000070f800000, 0x000000070fa00000|  0%| F|  |TAMS 0x000000070f800000, 0x000000070f800000| Untracked 
|  88|0x000000070fa00000, 0x000000070fa00000, 0x000000070fc00000|  0%| F|  |TAMS 0x000000070fa00000, 0x000000070fa00000| Untracked 
|  89|0x000000070fc00000, 0x000000070fc00000, 0x000000070fe00000|  0%| F|  |TAMS 0x000000070fc00000, 0x000000070fc00000| Untracked 
|  90|0x000000070fe00000, 0x000000070fe00000, 0x0000000710000000|  0%| F|  |TAMS 0x000000070fe00000, 0x000000070fe00000| Untracked 
|  91|0x0000000710000000, 0x0000000710000000, 0x0000000710200000|  0%| F|  |TAMS 0x0000000710000000, 0x0000000710000000| Untracked 
|  92|0x0000000710200000, 0x0000000710200000, 0x0000000710400000|  0%| F|  |TAMS 0x0000000710200000, 0x0000000710200000| Untracked 
|  93|0x0000000710400000, 0x0000000710400000, 0x0000000710600000|  0%| F|  |TAMS 0x0000000710400000, 0x0000000710400000| Untracked 
|  94|0x0000000710600000, 0x0000000710600000, 0x0000000710800000|  0%| F|  |TAMS 0x0000000710600000, 0x0000000710600000| Untracked 
|  95|0x0000000710800000, 0x0000000710800000, 0x0000000710a00000|  0%| F|  |TAMS 0x0000000710800000, 0x0000000710800000| Untracked 
|  96|0x0000000710a00000, 0x0000000710a00000, 0x0000000710c00000|  0%| F|  |TAMS 0x0000000710a00000, 0x0000000710a00000| Untracked 
|  97|0x0000000710c00000, 0x0000000710c00000, 0x0000000710e00000|  0%| F|  |TAMS 0x0000000710c00000, 0x0000000710c00000| Untracked 
|  98|0x0000000710e00000, 0x0000000710e00000, 0x0000000711000000|  0%| F|  |TAMS 0x0000000710e00000, 0x0000000710e00000| Untracked 
|  99|0x0000000711000000, 0x0000000711000000, 0x0000000711200000|  0%| F|  |TAMS 0x0000000711000000, 0x0000000711000000| Untracked 
| 100|0x0000000711200000, 0x0000000711200000, 0x0000000711400000|  0%| F|  |TAMS 0x0000000711200000, 0x0000000711200000| Untracked 
| 101|0x0000000711400000, 0x0000000711400000, 0x0000000711600000|  0%| F|  |TAMS 0x0000000711400000, 0x0000000711400000| Untracked 
| 102|0x0000000711600000, 0x0000000711600000, 0x0000000711800000|  0%| F|  |TAMS 0x0000000711600000, 0x0000000711600000| Untracked 
| 103|0x0000000711800000, 0x0000000711800000, 0x0000000711a00000|  0%| F|  |TAMS 0x0000000711800000, 0x0000000711800000| Untracked 
| 104|0x0000000711a00000, 0x0000000711a00000, 0x0000000711c00000|  0%| F|  |TAMS 0x0000000711a00000, 0x0000000711a00000| Untracked 
| 105|0x0000000711c00000, 0x0000000711c00000, 0x0000000711e00000|  0%| F|  |TAMS 0x0000000711c00000, 0x0000000711c00000| Untracked 
| 106|0x0000000711e00000, 0x0000000711e00000, 0x0000000712000000|  0%| F|  |TAMS 0x0000000711e00000, 0x0000000711e00000| Untracked 
| 107|0x0000000712000000, 0x0000000712000000, 0x0000000712200000|  0%| F|  |TAMS 0x0000000712000000, 0x0000000712000000| Untracked 
| 108|0x0000000712200000, 0x0000000712200000, 0x0000000712400000|  0%| F|  |TAMS 0x0000000712200000, 0x0000000712200000| Untracked 
| 109|0x0000000712400000, 0x0000000712400000, 0x0000000712600000|  0%| F|  |TAMS 0x0000000712400000, 0x0000000712400000| Untracked 
| 110|0x0000000712600000, 0x0000000712600000, 0x0000000712800000|  0%| F|  |TAMS 0x0000000712600000, 0x0000000712600000| Untracked 
| 111|0x0000000712800000, 0x0000000712800000, 0x0000000712a00000|  0%| F|  |TAMS 0x0000000712800000, 0x0000000712800000| Untracked 
| 112|0x0000000712a00000, 0x0000000712a00000, 0x0000000712c00000|  0%| F|  |TAMS 0x0000000712a00000, 0x0000000712a00000| Untracked 
| 113|0x0000000712c00000, 0x0000000712c00000, 0x0000000712e00000|  0%| F|  |TAMS 0x0000000712c00000, 0x0000000712c00000| Untracked 
| 114|0x0000000712e00000, 0x0000000712e00000, 0x0000000713000000|  0%| F|  |TAMS 0x0000000712e00000, 0x0000000712e00000| Untracked 
| 115|0x0000000713000000, 0x0000000713000000, 0x0000000713200000|  0%| F|  |TAMS 0x0000000713000000, 0x0000000713000000| Untracked 
| 116|0x0000000713200000, 0x0000000713200000, 0x0000000713400000|  0%| F|  |TAMS 0x0000000713200000, 0x0000000713200000| Untracked 
| 117|0x0000000713400000, 0x0000000713400000, 0x0000000713600000|  0%| F|  |TAMS 0x0000000713400000, 0x0000000713400000| Untracked 
| 118|0x0000000713600000, 0x0000000713600000, 0x0000000713800000|  0%| F|  |TAMS 0x0000000713600000, 0x0000000713600000| Untracked 
| 119|0x0000000713800000, 0x0000000713800000, 0x0000000713a00000|  0%| F|  |TAMS 0x0000000713800000, 0x0000000713800000| Untracked 
| 120|0x0000000713a00000, 0x0000000713a00000, 0x0000000713c00000|  0%| F|  |TAMS 0x0000000713a00000, 0x0000000713a00000| Untracked 
| 121|0x0000000713c00000, 0x0000000713c00000, 0x0000000713e00000|  0%| F|  |TAMS 0x0000000713c00000, 0x0000000713c00000| Untracked 
| 122|0x0000000713e00000, 0x0000000713eed560, 0x0000000714000000| 46%| E|  |TAMS 0x0000000713e00000, 0x0000000713e00000| Complete 
| 123|0x0000000714000000, 0x0000000714200000, 0x0000000714200000|100%| E|CS|TAMS 0x0000000714000000, 0x0000000714000000| Complete 
| 124|0x0000000714200000, 0x0000000714400000, 0x0000000714400000|100%| E|CS|TAMS 0x0000000714200000, 0x0000000714200000| Complete 
| 125|0x0000000714400000, 0x0000000714600000, 0x0000000714600000|100%| E|CS|TAMS 0x0000000714400000, 0x0000000714400000| Complete 

Card table byte_map: [0x000002cfd2c00000,0x000002cfd33e0000] _byte_map_base: 0x000002cfcf3db000

Marking Bits (Prev, Next): (CMBitMap*) 0x000002cfbb9ba7b0, (CMBitMap*) 0x000002cfbb9ba7f0
 Prev Bits: [0x000002cfd3bc0000, 0x000002cfd7a98000)
 Next Bits: [0x000002cfd7aa0000, 0x000002cfdb978000)

Polling page: 0x000002cfb9980000

Metaspace:

Usage:
  Non-class:      2.53 MB used.
      Class:    245.84 KB used.
       Both:      2.77 MB used.

Virtual space:
  Non-class space:        8.00 MB reserved,       2.56 MB ( 32%) committed,  1 nodes.
      Class space:        1.00 GB reserved,     320.00 KB ( <1%) committed,  1 nodes.
              Both:        1.01 GB reserved,       2.88 MB ( <1%) committed. 

Chunk freelists:
   Non-Class:  3.70 MB
       Class:  3.72 MB
        Both:  7.43 MB

MaxMetaspaceSize: 17179869184.00 GB
CompressedClassSpaceSize: 1.00 GB
 - commit_granule_bytes: 65536.
 - commit_granule_words: 8192.
 - virtual_space_node_default_size: 1048576.
 - enlarge_chunks_in_place: 1.
 - new_chunks_are_fully_committed: 0.
 - uncommit_free_chunks: 1.
 - use_allocation_guard: 0.
 - handle_deallocations: 1.


Internal statistics:

num_allocs_failed_limit: 0.
num_arena_births: 12.
num_arena_deaths: 0.
num_vsnodes_births: 2.
num_vsnodes_deaths: 0.
num_space_committed: 46.
num_space_uncommitted: 0.
num_chunks_returned_to_freelist: 0.
num_chunks_taken_from_freelist: 38.
num_chunk_merges: 0.
num_chunk_splits: 19.
num_chunks_enlarged: 11.
num_purges: 0.

CodeHeap 'non-profiled nmethods': size=120000Kb used=155Kb max_used=155Kb free=119844Kb
 bounds [0x000002cfcabc0000, 0x000002cfcae30000, 0x000002cfd20f0000]
CodeHeap 'profiled nmethods': size=120000Kb used=655Kb max_used=655Kb free=119344Kb
 bounds [0x000002cfc3690000, 0x000002cfc3900000, 0x000002cfcabc0000]
CodeHeap 'non-nmethods': size=5760Kb used=1228Kb max_used=1257Kb free=4531Kb
 bounds [0x000002cfc30f0000, 0x000002cfc3360000, 0x000002cfc3690000]
 total_blobs=924 nmethods=493 adapters=344
 compilation: enabled
              stopped_count=0, restarted_count=0
 full_count=0

Compilation events (20 events):
Event: 0.615 Thread 0x000002cfde3fad10  490   !   3       java.io.PrintStream::write (83 bytes)
Event: 0.615 Thread 0x000002cfde3fad10 nmethod 490 0x000002cfc3732210 code [0x000002cfc37324c0, 0x000002cfc3733138]
Event: 1729.836 Thread 0x000002cfde3fad10  492       3       java.lang.StringUTF16::toBytes (34 bytes)
Event: 1729.838 Thread 0x000002cfde3fad10 

Event: 1729.838 Thread 0x000002cfde3fad10  493       3       org.eclipse.jdt.launching.internal.org.objectweb.asm.ByteVector::putShort (52 bytes)
Event: 1729.838 Thread 0x000002cfde3fad10 nmethod 493 0x000002cfc3733810 code [0x000002cfc37339c0, 0x000002cfc3733be8]
Event: 2129.339 Thread 0x000002cfde3fad10  495       3       java.lang.StringUTF16::toBytes (34 bytes)
Event: 2129.339 Thread 0x000002cfdeca0c00  494       4       org.eclipse.jdt.launching.internal.org.objectweb.asm.ClassReader::getItem (7 bytes)
Event: 2129.341 Thread 0x000002cfde3fad10 

Event: 2129.342 Thread 0x000002cfdeca0c00 

Event: 2158.402 Thread 0x000002cfde3fad10  496       1       sun.instrument.TransformerManager::getSnapshotTransformerList (5 bytes)
Event: 2158.402 Thread 0x000002cfdeca0c00  497       4       org.eclipse.jdt.launching.internal.org.objectweb.asm.ClassReader::readUtf (161 bytes)
Event: 2158.402 Thread 0x000002cfde3fad10 nmethod 496 0x000002cfcabe6810 code [0x000002cfcabe69a0, 0x000002cfcabe6a78]
Event: 2158.419 Thread 0x000002cfdeca0c00 

Event: 2178.833 Thread 0x000002cfde3fad10  498       1       sun.instrument.TransformerManager$TransformerInfo::transformer (5 bytes)
Event: 2178.833 Thread 0x000002cfde3fad10 nmethod 498 0x000002cfcabe6b10 code [0x000002cfcabe6ca0, 0x000002cfcabe6d78]
Event: 2178.834 Thread 0x000002cfdeca0c00  499       4       java.lang.StringUTF16::putChar (54 bytes)
Event: 2178.836 Thread 0x000002cfdeca0c00 

Event: 2198.361 Thread 0x000002cfdeca0c00  500       4       java.lang.StringUTF16::compress (50 bytes)
Event: 2198.368 Thread 0x000002cfdeca0c00 


GC Heap History (0 events):
No events

Deoptimization events (20 events):
Event: 0.582 Thread 0x000002cfbb96b960 DEOPT PACKING pc=0x000002cfc36f6ce7 sp=0x000000d1e6bf7d30
Event: 0.582 Thread 0x000002cfbb96b960 DEOPT UNPACKING pc=0x000002cfc313e77e sp=0x000000d1e6bf7198 mode 0
Event: 0.582 Thread 0x000002cfbb96b960 DEOPT PACKING pc=0x000002cfc36f6ce7 sp=0x000000d1e6bf7d30
Event: 0.582 Thread 0x000002cfbb96b960 DEOPT UNPACKING pc=0x000002cfc313e77e sp=0x000000d1e6bf7198 mode 0
Event: 0.583 Thread 0x000002cfbb96b960 DEOPT PACKING pc=0x000002cfc36f6ce7 sp=0x000000d1e6bf7d30
Event: 0.583 Thread 0x000002cfbb96b960 DEOPT UNPACKING pc=0x000002cfc313e77e sp=0x000000d1e6bf7198 mode 0
Event: 0.583 Thread 0x000002cfbb96b960 DEOPT PACKING pc=0x000002cfc36f6ce7 sp=0x000000d1e6bf7d30
Event: 0.583 Thread 0x000002cfbb96b960 DEOPT UNPACKING pc=0x000002cfc313e77e sp=0x000000d1e6bf7198 mode 0
Event: 0.602 Thread 0x000002cfbb96b960 Uncommon trap: trap_request=0xffffff45 fr.pc=0x000002cfcabd2968 relative=0x0000000000000048
Event: 0.602 Thread 0x000002cfbb96b960 Uncommon trap: reason=unstable_if action=reinterpret pc=0x000002cfcabd2968 method=java.lang.CharacterData.of(I)Ljava/lang/CharacterData; @ 4 c2
Event: 0.602 Thread 0x000002cfbb96b960 DEOPT PACKING pc=0x000002cfcabd2968 sp=0x000000d1e6bfea70
Event: 0.602 Thread 0x000002cfbb96b960 DEOPT UNPACKING pc=0x000002cfc313f92e sp=0x000000d1e6bfea10 mode 2
Event: 0.603 Thread 0x000002cfbb96b960 Uncommon trap: trap_request=0xffffff45 fr.pc=0x000002cfcabd2584 relative=0x00000000000000e4
Event: 0.603 Thread 0x000002cfbb96b960 Uncommon trap: reason=unstable_if action=reinterpret pc=0x000002cfcabd2584 method=java.lang.String.charAt(I)C @ 4 c2
Event: 0.603 Thread 0x000002cfbb96b960 DEOPT PACKING pc=0x000002cfcabd2584 sp=0x000000d1e6bff010
Event: 0.603 Thread 0x000002cfbb96b960 DEOPT UNPACKING pc=0x000002cfc313f92e sp=0x000000d1e6bfefc0 mode 2
Event: 0.604 Thread 0x000002cfbb96b960 Uncommon trap: trap_request=0xffffff45 fr.pc=0x000002cfcabe26a8 relative=0x0000000000000188
Event: 0.604 Thread 0x000002cfbb96b960 Uncommon trap: reason=unstable_if action=reinterpret pc=0x000002cfcabe26a8 method=java.lang.String.indexOf(II)I @ 4 c2
Event: 0.604 Thread 0x000002cfbb96b960 DEOPT PACKING pc=0x000002cfcabe26a8 sp=0x000000d1e6bfefb0
Event: 0.604 Thread 0x000002cfbb96b960 DEOPT UNPACKING pc=0x000002cfc313f92e sp=0x000000d1e6bfef00 mode 2

Classes unloaded (0 events):
No events

Classes redefined (7 events):
Event: 1337.710 Thread 0x000002cfde3e62d0 redefined class name=com.itwill04.array.StudentArrayMain, count=1
Event: 1729.837 Thread 0x000002cfde3e62d0 redefined class name=com.itwill04.array.StudentArrayMain, count=2
Event: 2087.275 Thread 0x000002cfde3e62d0 redefined class name=com.itwill04.array.StudentArrayMain, count=3
Event: 2129.340 Thread 0x000002cfde3e62d0 redefined class name=com.itwill04.array.StudentArrayMain, count=4
Event: 2158.403 Thread 0x000002cfde3e62d0 redefined class name=com.itwill04.array.StudentArrayMain, count=5
Event: 2178.834 Thread 0x000002cfde3e62d0 redefined class name=com.itwill04.array.StudentArrayMain, count=6
Event: 2198.362 Thread 0x000002cfde3e62d0 redefined class name=com.itwill04.array.StudentArrayMain, count=7

Internal exceptions (1 events):
Event: 0.549 Thread 0x000002cfbb96b960 Exception <a 'java/lang/NoSuchMethodError'{0x0000000714080758}: 'java.lang.Object java.lang.invoke.DirectMethodHandle$Holder.invokeStatic(java.lang.Object)'> (0x0000000714080758) 
thrown [t:\workspace\open\src\hotspot\share\interpreter\linkResolver.cpp, line 790]

Events (20 events):
Event: 2129.346 Executing  VM operation: ChangeBreakpoints done
Event: 2158.402 Executing  VM operation: RedefineClasses
Event: 2158.404 Executing  VM operation: RedefineClasses done
Event: 2158.409 Executing  VM operation: ChangeBreakpoints
Event: 2158.409 Executing  VM operation: ChangeBreakpoints done
Event: 2158.409 Executing  VM operation: ChangeBreakpoints
Event: 2158.409 Executing  VM operation: ChangeBreakpoints done
Event: 2178.834 Executing  VM operation: RedefineClasses
Event: 2178.835 Executing  VM operation: RedefineClasses done
Event: 2178.840 Executing  VM operation: ChangeBreakpoints
Event: 2178.840 Executing  VM operation: ChangeBreakpoints done
Event: 2178.840 Executing  VM operation: ChangeBreakpoints
Event: 2178.840 Executing  VM operation: ChangeBreakpoints done
Event: 2198.362 Executing  VM operation: RedefineClasses
Event: 2198.364 Executing  VM operation: RedefineClasses done
Event: 2198.368 Executing  VM operation: ChangeBreakpoints
Event: 2198.368 Executing  VM operation: ChangeBreakpoints done
Event: 2198.368 Executing  VM operation: ChangeBreakpoints
Event: 2198.368 Executing  VM operation: ChangeBreakpoints done
Event: 2202.635 Executing  VM operation: get/set locals


Dynamic libraries:
0x00007ff722020000 - 0x00007ff722030000 	C:\Program Files\Java\jdk-16.0.1\bin\javaw.exe
0x00007ffbe80f0000 - 0x00007ffbe82e5000 	C:\Windows\SYSTEM32\ntdll.dll
0x00007ffbe6a50000 - 0x00007ffbe6b0d000 	C:\Windows\System32\KERNEL32.DLL
0x00007ffbe5ac0000 - 0x00007ffbe5d88000 	C:\Windows\System32\KERNELBASE.dll
0x00007ffbe6060000 - 0x00007ffbe6160000 	C:\Windows\System32\ucrtbase.dll
0x00007ffbd18f0000 - 0x00007ffbd1908000 	C:\Program Files\Java\jdk-16.0.1\bin\jli.dll
0x00007ffbd9800000 - 0x00007ffbd9819000 	C:\Program Files\Java\jdk-16.0.1\bin\VCRUNTIME140.dll
0x00007ffbe66c0000 - 0x00007ffbe676c000 	C:\Windows\System32\ADVAPI32.dll
0x00007ffbe7e60000 - 0x00007ffbe7efe000 	C:\Windows\System32\msvcrt.dll
0x00007ffbe6e30000 - 0x00007ffbe6ecb000 	C:\Windows\System32\sechost.dll
0x00007ffbe6b10000 - 0x00007ffbe6c3b000 	C:\Windows\System32\RPCRT4.dll
0x00007ffbe6160000 - 0x00007ffbe6300000 	C:\Windows\System32\USER32.dll
0x00007ffbe5d90000 - 0x00007ffbe5db2000 	C:\Windows\System32\win32u.dll
0x00007ffbe6a10000 - 0x00007ffbe6a3a000 	C:\Windows\System32\GDI32.dll
0x00007ffbe58d0000 - 0x00007ffbe59db000 	C:\Windows\System32\gdi32full.dll
0x00007ffbe5830000 - 0x00007ffbe58cd000 	C:\Windows\System32\msvcp_win.dll
0x00007ffbcf440000 - 0x00007ffbcf6da000 	C:\Windows\WinSxS\amd64_microsoft.windows.common-controls_6595b64144ccf1df_6.0.19041.1052_none_60b8f8fd71f5e8cb\COMCTL32.dll
0x00007ffbd6ad0000 - 0x00007ffbd6ada000 	C:\Windows\SYSTEM32\VERSION.dll
0x00007ffbe6c40000 - 0x00007ffbe6c70000 	C:\Windows\System32\IMM32.DLL
0x00007ffbde1e0000 - 0x00007ffbde1ec000 	C:\Program Files\Java\jdk-16.0.1\bin\vcruntime140_1.dll
0x00007ffbd11f0000 - 0x00007ffbd1281000 	C:\Program Files\Java\jdk-16.0.1\bin\msvcp140.dll
0x00007ffb90330000 - 0x00007ffb90edb000 	C:\Program Files\Java\jdk-16.0.1\bin\server\jvm.dll
0x00007ffbe6860000 - 0x00007ffbe6868000 	C:\Windows\System32\PSAPI.DLL
0x00007ffbcd2b0000 - 0x00007ffbcd2d7000 	C:\Windows\SYSTEM32\WINMM.dll
0x00007ffbd0670000 - 0x00007ffbd0679000 	C:\Windows\SYSTEM32\WSOCK32.dll
0x00007ffbe73f0000 - 0x00007ffbe745b000 	C:\Windows\System32\WS2_32.dll
0x00007ffbe4100000 - 0x00007ffbe4112000 	C:\Windows\SYSTEM32\kernel.appcore.dll
0x00007ffbde1c0000 - 0x00007ffbde1ca000 	C:\Program Files\Java\jdk-16.0.1\bin\jimage.dll
0x00007ffbe34c0000 - 0x00007ffbe36a4000 	C:\Windows\SYSTEM32\DBGHELP.DLL
0x00007ffbc6f70000 - 0x00007ffbc6f9c000 	C:\Windows\SYSTEM32\dbgcore.DLL
0x00007ffbe5dc0000 - 0x00007ffbe5e43000 	C:\Windows\System32\bcryptPrimitives.dll
0x00007ffbd18b0000 - 0x00007ffbd18eb000 	C:\Program Files\Java\jdk-16.0.1\bin\jdwp.dll
0x00007ffbd6a70000 - 0x00007ffbd6a7e000 	C:\Program Files\Java\jdk-16.0.1\bin\instrument.dll
0x00007ffbd11c0000 - 0x00007ffbd11e5000 	C:\Program Files\Java\jdk-16.0.1\bin\java.dll
0x00007ffbe76c0000 - 0x00007ffbe7dff000 	C:\Windows\System32\SHELL32.dll
0x00007ffbe37b0000 - 0x00007ffbe3f40000 	C:\Windows\SYSTEM32\windows.storage.dll
0x00007ffbe6360000 - 0x00007ffbe66b5000 	C:\Windows\System32\combase.dll
0x00007ffbe52a0000 - 0x00007ffbe52cc000 	C:\Windows\SYSTEM32\Wldp.dll
0x00007ffbe6ed0000 - 0x00007ffbe6f7e000 	C:\Windows\System32\SHCORE.dll
0x00007ffbe69b0000 - 0x00007ffbe6a05000 	C:\Windows\System32\shlwapi.dll
0x00007ffbe5770000 - 0x00007ffbe578f000 	C:\Windows\SYSTEM32\profapi.dll
0x00007ffbd1a50000 - 0x00007ffbd1a5c000 	C:\Program Files\Java\jdk-16.0.1\bin\dt_socket.dll
0x00007ffbe4cb0000 - 0x00007ffbe4ceb000 	C:\Windows\SYSTEM32\IPHLPAPI.DLL
0x00007ffbe5010000 - 0x00007ffbe507a000 	C:\Windows\system32\mswsock.dll
0x00007ffbe4d00000 - 0x00007ffbe4dcc000 	C:\Windows\SYSTEM32\DNSAPI.dll
0x00007ffbe69a0000 - 0x00007ffbe69a8000 	C:\Windows\System32\NSI.dll
0x00007ffbda4a0000 - 0x00007ffbda4aa000 	C:\Windows\System32\rasadhlp.dll
0x00007ffbd7fb0000 - 0x00007ffbd802f000 	C:\Windows\System32\fwpuclnt.dll
0x00007ffbe5a30000 - 0x00007ffbe5a57000 	C:\Windows\System32\bcrypt.dll
0x00007ffbd1890000 - 0x00007ffbd18a8000 	C:\Program Files\Java\jdk-16.0.1\bin\zip.dll
0x00007ffbd11a0000 - 0x00007ffbd11b9000 	C:\Program Files\Java\jdk-16.0.1\bin\net.dll
0x00007ffbdbdf0000 - 0x00007ffbdbefb000 	C:\Windows\SYSTEM32\WINHTTP.dll
0x00007ffbd1180000 - 0x00007ffbd1193000 	C:\Program Files\Java\jdk-16.0.1\bin\nio.dll
0x00007ffbd1170000 - 0x00007ffbd1180000 	C:\Program Files\Java\jdk-16.0.1\bin\verify.dll

dbghelp: loaded successfully - version: 4.0.5 - missing functions: none
symbol engine: initialized successfully - sym options: 0x614 - pdb path: .;C:\Program Files\Java\jdk-16.0.1\bin;C:\Windows\SYSTEM32;C:\Windows\WinSxS\amd64_microsoft.windows.common-controls_6595b64144ccf1df_6.0.19041.1052_none_60b8f8fd71f5e8cb;C:\Program Files\Java\jdk-16.0.1\bin\server

VM Arguments:
jvm_args: -XX:+ShowCodeDetailsInExceptionMessages -agentlib:jdwp=transport=dt_socket,suspend=y,address=localhost:50751 -javaagent:C:\2021-05-JAVA-DEVELOPER\program\eclipseSE\configuration\org.eclipse.osgi\220\0\.cp\lib\javaagent-shaded.jar -Dfile.encoding=UTF-8 
java_command: com.itwill04.array.StudentArrayMain
java_class_path (initial): C:\2021-05-JAVA-DEVELOPER\eclipse-workspace-se-no-git\98.REPORT\bin
Launcher Type: SUN_STANDARD

[Global flags]
     intx CICompilerCount                          = 4                                         {product} {ergonomic}
     uint ConcGCThreads                            = 2                                         {product} {ergonomic}
     uint G1ConcRefinementThreads                  = 8                                         {product} {ergonomic}
   size_t G1HeapRegionSize                         = 2097152                                   {product} {ergonomic}
    uintx GCDrainStackTargetSize                   = 64                                        {product} {ergonomic}
   size_t InitialHeapSize                          = 264241152                                 {product} {ergonomic}
   size_t MarkStackSize                            = 4194304                                   {product} {ergonomic}
   size_t MaxHeapSize                              = 4217372672                                {product} {ergonomic}
   size_t MaxNewSize                               = 2529165312                                {product} {ergonomic}
   size_t MinHeapDeltaBytes                        = 2097152                                   {product} {ergonomic}
   size_t MinHeapSize                              = 8388608                                   {product} {ergonomic}
    uintx NonNMethodCodeHeapSize                   = 5839372                                {pd product} {ergonomic}
    uintx NonProfiledCodeHeapSize                  = 122909434                              {pd product} {ergonomic}
    uintx ProfiledCodeHeapSize                     = 122909434                              {pd product} {ergonomic}
    uintx ReservedCodeCacheSize                    = 251658240                              {pd product} {ergonomic}
     bool SegmentedCodeCache                       = true                                      {product} {ergonomic}
     bool ShowCodeDetailsInExceptionMessages       = true                                   {manageable} {command line}
   size_t SoftMaxHeapSize                          = 4217372672                             {manageable} {ergonomic}
     bool UseCompressedClassPointers               = true                           {product lp64_product} {ergonomic}
     bool UseCompressedOops                        = true                           {product lp64_product} {ergonomic}
     bool UseG1GC                                  = true                                      {product} {ergonomic}
     bool UseLargePagesIndividualAllocation        = false                                  {pd product} {ergonomic}

Logging:
Log output configuration:
 #0: stdout all=warning uptime,level,tags
 #1: stderr all=off uptime,level,tags

Environment Variables:
JAVA_HOME=C:\Program Files\Java\jdk1.8.0_291
PATH=C:/2021-05-JAVA-DEVELOPER/program/eclipseSE//plugins/org.eclipse.justj.openjdk.hotspot.jre.full.win32.x86_64_15.0.1.v20201027-0507/jre/bin/server;C:/2021-05-JAVA-DEVELOPER/program/eclipseSE//plugins/org.eclipse.justj.openjdk.hotspot.jre.full.win32.x86_64_15.0.1.v20201027-0507/jre/bin;C:\Program Files\Java\jdk1.8.0_291\bin;C:\Program Files\Common Files\Oracle\Java\javapath;C:\Program Files (x86)\Common Files\Oracle\Java\javapath;C:\Windows\system32;C:\Windows;C:\Windows\System32\Wbem;C:\Windows\System32\WindowsPowerShell\v1.0\;C:\Users\s_yun\AppData\Local\Microsoft\WindowsApps;;C:\2021-05-JAVA-DEVELOPER\program\eclipseSE;
USERNAME=s_yun
OS=Windows_NT
PROCESSOR_IDENTIFIER=Intel64 Family 6 Model 140 Stepping 1, GenuineIntel



---------------  S Y S T E M  ---------------

OS:
 Windows 10 , 64 bit Build 19041 (10.0.19041.1023)
OS uptime: 9 days 8:29 hours

CPU: total 8 (initial active 8) (4 cores per cpu, 2 threads per core) family 6 model 140 stepping 1 microcode 0x68, cx8, cmov, fxsr, ht, mmx, 3dnowpref, sse, sse2, sse3, ssse3, sse4.1, sse4.2, popcnt, lzcnt, tsc, tscinvbit, avx, avx2, aes, erms, clmul, bmi1, bmi2, adx, avx512f, avx512dq, avx512cd, avx512bw, avx512vl, sha, fma, vzeroupper, avx512_vpopcntdq, avx512_vpclmulqdq, avx512_vaes, avx512_vnni, clflush, clflushopt, clwb, avx512_vmbi2, avx512_vmbi

Memory: 4k page, system-wide physical 16080M (10596M free)
TotalPageFile size 18512M (AvailPageFile size 11494M)
current process WorkingSet (physical memory assigned to process): 44M, peak: 46M
current process commit charge ("private bytes"): 343M, peak: 346M

vm_info: Java HotSpot(TM) 64-Bit Server VM (16.0.1+9-24) for windows-amd64 JRE (16.0.1+9-24), built on Mar 26 2021 19:31:42 by "mach5one" with MS VC++ 16.7 (VS2019)

END.
